# JRE version: Java(TM) SE Runtime Environment (8.0_73-b02) (build 1.8.0_73-b02)
# Java VM: Java HotSpot(TM) 64-Bit Server VM (25.73-b02 mixed mode windows-amd64 compressed oops)
Heap:
 PSYoungGen      total 233984K, used 37283K [0x00000000eb200000, 0x00000000fd600000, 0x0000000100000000)
  eden space 219648K, 11% used [0x00000000eb200000,0x00000000ecaa9ec0,0x00000000f8880000)
  from space 14336K, 83% used [0x00000000f8880000,0x00000000f943f0b0,0x00000000f9680000)
  to   space 15360K, 0% used [0x00000000fc700000,0x00000000fc700000,0x00000000fd600000)
 ParOldGen       total 67584K, used 36461K [0x00000000c1600000, 0x00000000c5800000, 0x00000000eb200000)
  object space 67584K, 53% used [0x00000000c1600000,0x00000000c399b7d8,0x00000000c5800000)
 Metaspace       used 55980K, capacity 56678K, committed 57128K, reserved 1099776K
  class space    used 7025K, capacity 7168K, committed 7216K, reserved 1048576K
GC Heap History (10 events):
Event: 12.797 GC heap before
{Heap before GC invocations=13 (full 1):
 PSYoungGen      total 144896K, used 76379K [0x00000000eb200000, 0x00000000f7480000, 0x0000000100000000)
  eden space 134144K, 48% used [0x00000000eb200000,0x00000000ef21bc78,0x00000000f3500000)
  from space 10752K, 99% used [0x00000000f3500000,0x00000000f3f7b0a8,0x00000000f3f80000)
  to   space 12288K, 0% used [0x00000000f6880000,0x00000000f6880000,0x00000000f7480000)
 ParOldGen       total 41472K, used 14000K [0x00000000c1600000, 0x00000000c3e80000, 0x00000000eb200000)
  object space 41472K, 33% used [0x00000000c1600000,0x00000000c23ac260,0x00000000c3e80000)
 Metaspace       used 34847K, capacity 35216K, committed 35496K, reserved 1081344K
  class space    used 4370K, capacity 4493K, committed 4528K, reserved 1048576K
Event: 12.820 GC heap after
Heap after GC invocations=13 (full 1):
 PSYoungGen      total 187392K, used 6440K [0x00000000eb200000, 0x00000000f7500000, 0x0000000100000000)
  eden space 175104K, 0% used [0x00000000eb200000,0x00000000eb200000,0x00000000f5d00000)
  from space 12288K, 52% used [0x00000000f6880000,0x00000000f6eca050,0x00000000f7480000)
  to   space 11776K, 0% used [0x00000000f5d00000,0x00000000f5d00000,0x00000000f6880000)
 ParOldGen       total 41472K, used 21383K [0x00000000c1600000, 0x00000000c3e80000, 0x00000000eb200000)
  object space 41472K, 51% used [0x00000000c1600000,0x00000000c2ae1e98,0x00000000c3e80000)
 Metaspace       used 34847K, capacity 35216K, committed 35496K, reserved 1081344K
  class space    used 4370K, capacity 4493K, committed 4528K, reserved 1048576K
}
Event: 12.820 GC heap before
{Heap before GC invocations=14 (full 2):
 PSYoungGen      total 187392K, used 6440K [0x00000000eb200000, 0x00000000f7500000, 0x0000000100000000)
  eden space 175104K, 0% used [0x00000000eb200000,0x00000000eb200000,0x00000000f5d00000)
  from space 12288K, 52% used [0x00000000f6880000,0x00000000f6eca050,0x00000000f7480000)
  to   space 11776K, 0% used [0x00000000f5d00000,0x00000000f5d00000,0x00000000f6880000)
 ParOldGen       total 41472K, used 21383K [0x00000000c1600000, 0x00000000c3e80000, 0x00000000eb200000)
  object space 41472K, 51% used [0x00000000c1600000,0x00000000c2ae1e98,0x00000000c3e80000)
 Metaspace       used 34847K, capacity 35216K, committed 35496K, reserved 1081344K
  class space    used 4370K, capacity 4493K, committed 4528K, reserved 1048576K
Event: 12.957 GC heap after
Heap after GC invocations=14 (full 2):
 PSYoungGen      total 187392K, used 0K [0x00000000eb200000, 0x00000000f7500000, 0x0000000100000000)
  eden space 175104K, 0% used [0x00000000eb200000,0x00000000eb200000,0x00000000f5d00000)
  from space 12288K, 0% used [0x00000000f6880000,0x00000000f6880000,0x00000000f7480000)
  to   space 11776K, 0% used [0x00000000f5d00000,0x00000000f5d00000,0x00000000f6880000)
 ParOldGen       total 67584K, used 24877K [0x00000000c1600000, 0x00000000c5800000, 0x00000000eb200000)
  object space 67584K, 36% used [0x00000000c1600000,0x00000000c2e4b648,0x00000000c5800000)
 Metaspace       used 34847K, capacity 35216K, committed 35496K, reserved 1081344K
  class space    used 4370K, capacity 4493K, committed 4528K, reserved 1048576K
}
Event: 25.025 GC heap before
{Heap before GC invocations=15 (full 2):
 PSYoungGen      total 187392K, used 175104K [0x00000000eb200000, 0x00000000f7500000, 0x0000000100000000)
  eden space 175104K, 100% used [0x00000000eb200000,0x00000000f5d00000,0x00000000f5d00000)
  from space 12288K, 0% used [0x00000000f6880000,0x00000000f6880000,0x00000000f7480000)
  to   space 11776K, 0% used [0x00000000f5d00000,0x00000000f5d00000,0x00000000f6880000)
 ParOldGen       total 67584K, used 24877K [0x00000000c1600000, 0x00000000c5800000, 0x00000000eb200000)
  object space 67584K, 36% used [0x00000000c1600000,0x00000000c2e4b648,0x00000000c5800000)
 Metaspace       used 47012K, capacity 47484K, committed 48040K, reserved 1091584K
  class space    used 5947K, capacity 6047K, committed 6064K, reserved 1048576K
Event: 25.053 GC heap after
Heap after GC invocations=15 (full 2):
 PSYoungGen      total 186880K, used 11769K [0x00000000eb200000, 0x00000000fa500000, 0x0000000100000000)
  eden space 175104K, 0% used [0x00000000eb200000,0x00000000eb200000,0x00000000f5d00000)
  from space 11776K, 99% used [0x00000000f5d00000,0x00000000f687e520,0x00000000f6880000)
  to   space 14848K, 0% used [0x00000000f9680000,0x00000000f9680000,0x00000000fa500000)
 ParOldGen       total 67584K, used 28991K [0x00000000c1600000, 0x00000000c5800000, 0x00000000eb200000)
  object space 67584K, 42% used [0x00000000c1600000,0x00000000c324ff18,0x00000000c5800000)
 Metaspace       used 47012K, capacity 47484K, committed 48040K, reserved 1091584K
  class space    used 5947K, capacity 6047K, committed 6064K, reserved 1048576K
}
Event: 27.317 GC heap before
{Heap before GC invocations=16 (full 2):
 PSYoungGen      total 186880K, used 186873K [0x00000000eb200000, 0x00000000fa500000, 0x0000000100000000)
  eden space 175104K, 100% used [0x00000000eb200000,0x00000000f5d00000,0x00000000f5d00000)
  from space 11776K, 99% used [0x00000000f5d00000,0x00000000f687e520,0x00000000f6880000)
  to   space 14848K, 0% used [0x00000000f9680000,0x00000000f9680000,0x00000000fa500000)
 ParOldGen       total 67584K, used 28991K [0x00000000c1600000, 0x00000000c5800000, 0x00000000eb200000)
  object space 67584K, 42% used [0x00000000c1600000,0x00000000c324ff18,0x00000000c5800000)
 Metaspace       used 49171K, capacity 49712K, committed 50216K, reserved 1093632K
  class space    used 6220K, capacity 6349K, committed 6448K, reserved 1048576K
Event: 27.352 GC heap after
Heap after GC invocations=16 (full 2):
 PSYoungGen      total 234496K, used 7303K [0x00000000eb200000, 0x00000000fa600000, 0x0000000100000000)
  eden space 219648K, 0% used [0x00000000eb200000,0x00000000eb200000,0x00000000f8880000)
  from space 14848K, 49% used [0x00000000f9680000,0x00000000f9da1eb0,0x00000000fa500000)
  to   space 14336K, 0% used [0x00000000f8880000,0x00000000f8880000,0x00000000f9680000)
 ParOldGen       total 67584K, used 36453K [0x00000000c1600000, 0x00000000c5800000, 0x00000000eb200000)
  object space 67584K, 53% used [0x00000000c1600000,0x00000000c39997d8,0x00000000c5800000)
 Metaspace       used 49171K, capacity 49712K, committed 50216K, reserved 1093632K
  class space    used 6220K, capacity 6349K, committed 6448K, reserved 1048576K
}
Event: 831.527 GC heap before
{Heap before GC invocations=17 (full 2):
 PSYoungGen      total 234496K, used 226951K [0x00000000eb200000, 0x00000000fa600000, 0x0000000100000000)
  eden space 219648K, 100% used [0x00000000eb200000,0x00000000f8880000,0x00000000f8880000)
  from space 14848K, 49% used [0x00000000f9680000,0x00000000f9da1eb0,0x00000000fa500000)
  to   space 14336K, 0% used [0x00000000f8880000,0x00000000f8880000,0x00000000f9680000)
 ParOldGen       total 67584K, used 36453K [0x00000000c1600000, 0x00000000c5800000, 0x00000000eb200000)
  object space 67584K, 53% used [0x00000000c1600000,0x00000000c39997d8,0x00000000c5800000)
 Metaspace       used 55639K, capacity 56390K, committed 56872K, reserved 1099776K
  class space    used 6997K, capacity 7160K, committed 7216K, reserved 1048576K
Event: 831.611 GC heap after
Heap after GC invocations=17 (full 2):
 PSYoungGen      total 233984K, used 12028K [0x00000000eb200000, 0x00000000fd600000, 0x0000000100000000)
  eden space 219648K, 0% used [0x00000000eb200000,0x00000000eb200000,0x00000000f8880000)
  from space 14336K, 83% used [0x00000000f8880000,0x00000000f943f0b0,0x00000000f9680000)
  to   space 15360K, 0% used [0x00000000fc700000,0x00000000fc700000,0x00000000fd600000)
 ParOldGen       total 67584K, used 36461K [0x00000000c1600000, 0x00000000c5800000, 0x00000000eb200000)
  object space 67584K, 53% used [0x00000000c1600000,0x00000000c399b7d8,0x00000000c5800000)
 Metaspace       used 55639K, capacity 56390K, committed 56872K, reserved 1099776K
  class space    used 6997K, capacity 7160K, committed 7216K, reserved 1048576K
}

